<?xml version="1.0" encoding="UTF-8"?>
<!-- Generated by org.testng.reporters.JUnitReportReporter -->
<testsuite hostname="DESKTOP-HQEOJN3" name="MavenDemotest.Mavwndemo.AppTest" tests="2" failures="0" timestamp="7 Jun 2018 18:32:31 GMT" time="0.037" errors="0">
  <testcase name="testApp4" time="0.006" classname="MavenDemotest.Mavwndemo.AppTest"/>
  <testcase name="testApp" time="0.031" classname="MavenDemotest.Mavwndemo.AppTest"/>
</testsuite> <!-- MavenDemotest.Mavwndemo.AppTest -->
