<?xml version="1.0" encoding="UTF-8"?>
<!-- Generated by org.testng.reporters.JUnitReportReporter -->
<testsuite hostname="DESKTOP-HQEOJN3" name="MavenDemotest.Mavwndemo.ClassTest1" tests="1" failures="0" timestamp="7 Jun 2018 18:49:05 GMT" time="0.001" errors="0">
  <testcase name="testApp2" time="0.001" classname="MavenDemotest.Mavwndemo.ClassTest1"/>
</testsuite> <!-- MavenDemotest.Mavwndemo.ClassTest1 -->
