<?xml version="1.0" encoding="UTF-8"?>
<!-- Generated by org.testng.reporters.JUnitReportReporter -->
<testsuite hostname="DESKTOP-HQEOJN3" name="MavenDemotest.Mavwndemo.AppTest" tests="1" failures="0" timestamp="5 Jun 2018 14:21:22 GMT" time="0.014" errors="0">
  <testcase name="testApp" time="0.014" classname="MavenDemotest.Mavwndemo.AppTest"/>
</testsuite> <!-- MavenDemotest.Mavwndemo.AppTest -->
